#
# There is insufficient memory for the Java Runtime Environment to continue.
# Native memory allocation (mmap) failed to map 267386880 bytes for G1 virtual space
# Possible reasons:
#   The system is out of physical RAM or swap space
#   The process is running with CompressedOops enabled, and the Java Heap may be blocking the growth of the native heap
# Possible solutions:
#   Reduce memory load on the system
#   Increase physical memory or swap space
#   Check if swap backing store is full
#   Decrease Java heap size (-Xmx/-Xms)
#   Decrease number of Java threads
#   Decrease Java thread stack sizes (-Xss)
#   Set larger code cache with -XX:ReservedCodeCacheSize=
#   JVM is running with Unscaled Compressed Oops mode in which the Java heap is
#     placed in the first 4GB address space. The Java Heap base address is the
#     maximum limit for the native heap growth. Please use -XX:HeapBaseMinAddress
#     to set the Java Heap base and to place the Java Heap above 4GB virtual address.
# This output file may be truncated or incomplete.
#
#  Out of Memory Error (os_windows.cpp:3557), pid=28844, tid=21916
#
# JRE version: OpenJDK Runtime Environment Temurin-17.0.6+10 (17.0.6+10) (build 17.0.6+10)
# Java VM: OpenJDK 64-Bit Server VM Temurin-17.0.6+10 (17.0.6+10, mixed mode, emulated-client, tiered, compressed oops, compressed class ptrs, g1 gc, windows-amd64)
# No core dump will be written. Minidumps are not enabled by default on client versions of Windows
#

---------------  S U M M A R Y ------------

Command Line: -XX:+HeapDumpOnOutOfMemoryError -Xmx1024m -Dsts.lsp.client=vscode -Dsts.log.file=/dev/null -XX:TieredStopAtLevel=1 -Xlog:jni+resolve=off -Dspring.config.location=file:c:\Users\Heshan\.vscode\extensions\vmware.vscode-spring-boot-1.45.0\language-server\BOOT-INF\classes\application.properties org.springframework.ide.vscode.boot.app.BootLanguageServerBootApp

Host: Intel(R) Core(TM) i3-10100 CPU @ 3.60GHz, 8 cores, 7G,  Windows 11 , 64 bit Build 22000 (10.0.22000.708)
Time: Mon Apr  3 17:42:08 2023 Sri Lanka Standard Time elapsed time: 10.400427 seconds (0d 0h 0m 10s)

---------------  T H R E A D  ---------------

Current thread (0x00000253f5f6f590):  VMThread "VM Thread" [stack: 0x000000d571c00000,0x000000d571d00000] [id=21916]

Stack: [0x000000d571c00000,0x000000d571d00000]
Native frames: (J=compiled Java code, j=interpreted, Vv=VM code, C=native code)
V  [jvm.dll+0x67741a]
V  [jvm.dll+0x834434]
V  [jvm.dll+0x835bde]
V  [jvm.dll+0x836243]
V  [jvm.dll+0x2457b5]
V  [jvm.dll+0x674329]
V  [jvm.dll+0x6689da]
V  [jvm.dll+0x30489b]
V  [jvm.dll+0x30bd96]
V  [jvm.dll+0x35b57e]
V  [jvm.dll+0x35b7af]
V  [jvm.dll+0x2db778]
V  [jvm.dll+0x2d9a2c]
V  [jvm.dll+0x2d8ffc]
V  [jvm.dll+0x31cdcb]
V  [jvm.dll+0x83a6eb]
V  [jvm.dll+0x83b424]
V  [jvm.dll+0x83b93c]
V  [jvm.dll+0x83bd14]
V  [jvm.dll+0x83bde0]
V  [jvm.dll+0x7e483a]
V  [jvm.dll+0x6762c5]
C  [ucrtbase.dll+0x26c0c]
C  [KERNEL32.DLL+0x154e0]
C  [ntdll.dll+0x485b]

VM_Operation (0x000000d5740fdb10): G1CollectForAllocation, mode: safepoint, requested by thread 0x00000253f8b400e0


---------------  P R O C E S S  ---------------

Threads class SMR info:
_java_thread_list=0x00000253fa900f40, length=39, elements={
0x00000253f5f88390, 0x00000253f5f88e50, 0x00000253f691a010, 0x00000253f691a8d0,
0x00000253f691b190, 0x00000253f691ba50, 0x00000253f691c3c0, 0x00000253f691ccc0,
0x00000253f6b0f580, 0x00000253f6b14040, 0x00000253f7112e60, 0x00000253f82785c0,
0x00000253f88d2ba0, 0x00000253f88d4370, 0x00000253f88d4840, 0x00000253f89a8850,
0x00000253eb1aa8a0, 0x00000253f8457900, 0x00000253f8a12340, 0x00000253f8a20200,
0x00000253f8a2a820, 0x00000253f8b3df30, 0x00000253f8b3f740, 0x00000253f8b40a80,
0x00000253f8b3d0c0, 0x00000253f8b3e400, 0x00000253f8b3d590, 0x00000253f8b400e0,
0x00000253f8b3fc10, 0x00000253f8b3da60, 0x00000253f8b3e8d0, 0x00000253f8b405b0,
0x00000253f8b3eda0, 0x00000253f8b3f270, 0x00000253f8b7ce60, 0x00000253f8b811c0,
0x00000253f8b81b60, 0x00000253f8b82030, 0x00000253f8b80820
}

Java Threads: ( => current thread )
  0x00000253f5f88390 JavaThread "Reference Handler" daemon [_thread_blocked, id=24324, stack(0x000000d571d00000,0x000000d571e00000)]
  0x00000253f5f88e50 JavaThread "Finalizer" daemon [_thread_blocked, id=28384, stack(0x000000d571e00000,0x000000d571f00000)]
  0x00000253f691a010 JavaThread "Signal Dispatcher" daemon [_thread_blocked, id=23564, stack(0x000000d571f00000,0x000000d572000000)]
  0x00000253f691a8d0 JavaThread "Attach Listener" daemon [_thread_blocked, id=18988, stack(0x000000d572000000,0x000000d572100000)]
  0x00000253f691b190 JavaThread "Service Thread" daemon [_thread_blocked, id=17636, stack(0x000000d572100000,0x000000d572200000)]
  0x00000253f691ba50 JavaThread "Monitor Deflation Thread" daemon [_thread_blocked, id=2604, stack(0x000000d572200000,0x000000d572300000)]
  0x00000253f691c3c0 JavaThread "C1 CompilerThread0" daemon [_thread_blocked, id=26512, stack(0x000000d572300000,0x000000d572400000)]
  0x00000253f691ccc0 JavaThread "Sweeper thread" daemon [_thread_blocked, id=27336, stack(0x000000d572400000,0x000000d572500000)]
  0x00000253f6b0f580 JavaThread "Notification Thread" daemon [_thread_blocked, id=11784, stack(0x000000d572600000,0x000000d572700000)]
  0x00000253f6b14040 JavaThread "Common-Cleaner" daemon [_thread_blocked, id=12016, stack(0x000000d572800000,0x000000d572900000)]
  0x00000253f7112e60 JavaThread "C1 CompilerThread1" daemon [_thread_blocked, id=17188, stack(0x000000d572500000,0x000000d572600000)]
  0x00000253f82785c0 JavaThread "C1 CompilerThread2" daemon [_thread_blocked, id=26504, stack(0x000000d573100000,0x000000d573200000)]
  0x00000253f88d2ba0 JavaThread "boundedElastic-evictor-1" daemon [_thread_blocked, id=14096, stack(0x000000d573000000,0x000000d573100000)]
  0x00000253f88d4370 JavaThread "boundedElastic-evictor-2" daemon [_thread_blocked, id=20636, stack(0x000000d573300000,0x000000d573400000)]
  0x00000253f88d4840 JavaThread "pool-10-thread-1" [_thread_blocked, id=16112, stack(0x000000d573400000,0x000000d573500000)]
  0x00000253f89a8850 JavaThread "LanguageServerApp-lifecycle" [_thread_blocked, id=14496, stack(0x000000d573500000,0x000000d573600000)]
  0x00000253eb1aa8a0 JavaThread "DestroyJavaVM" [_thread_blocked, id=13928, stack(0x000000d571600000,0x000000d571700000)]
  0x00000253f8457900 JavaThread "pool-11-thread-1" [_thread_in_native, id=16184, stack(0x000000d573600000,0x000000d573700000)]
  0x00000253f8a12340 JavaThread "Simple-Language-Server main thread" daemon [_thread_blocked, id=26820, stack(0x000000d573700000,0x000000d573800000)]
  0x00000253f8a20200 JavaThread "pool-6-thread-1" [_thread_blocked, id=18608, stack(0x000000d573800000,0x000000d573900000)]
  0x00000253f8a2a820 JavaThread "ForkJoinPool.commonPool-worker-1" daemon [_thread_blocked, id=4060, stack(0x000000d573900000,0x000000d573a00000)]
  0x00000253f8b3df30 JavaThread "ClassGraph-worker-0" daemon [_thread_blocked, id=27604, stack(0x000000d573a00000,0x000000d573b00000)]
  0x00000253f8b3f740 JavaThread "ClassGraph-worker-1" daemon [_thread_blocked, id=5220, stack(0x000000d573b00000,0x000000d573c00000)]
  0x00000253f8b40a80 JavaThread "ClassGraph-worker-2" daemon [_thread_blocked, id=22992, stack(0x000000d573c00000,0x000000d573d00000)]
  0x00000253f8b3d0c0 JavaThread "ClassGraph-worker-3" daemon [_thread_blocked, id=14420, stack(0x000000d573d00000,0x000000d573e00000)]
  0x00000253f8b3e400 JavaThread "ClassGraph-worker-4" daemon [_thread_blocked, id=26592, stack(0x000000d573e00000,0x000000d573f00000)]
  0x00000253f8b3d590 JavaThread "ClassGraph-worker-5" daemon [_thread_blocked, id=19668, stack(0x000000d573f00000,0x000000d574000000)]
  0x00000253f8b400e0 JavaThread "ClassGraph-worker-6" daemon [_thread_blocked, id=16368, stack(0x000000d574000000,0x000000d574100000)]
  0x00000253f8b3fc10 JavaThread "ClassGraph-worker-7" daemon [_thread_blocked, id=15244, stack(0x000000d574100000,0x000000d574200000)]
  0x00000253f8b3da60 JavaThread "ClassGraph-worker-8" daemon [_thread_blocked, id=19072, stack(0x000000d574200000,0x000000d574300000)]
  0x00000253f8b3e8d0 JavaThread "ClassGraph-worker-9" daemon [_thread_blocked, id=19460, stack(0x000000d574300000,0x000000d574400000)]
  0x00000253f8b405b0 JavaThread "ClassGraph-worker-10" daemon [_thread_blocked, id=17016, stack(0x000000d574400000,0x000000d574500000)]
  0x00000253f8b3eda0 JavaThread "ClassGraph-worker-11" daemon [_thread_blocked, id=23860, stack(0x000000d574500000,0x000000d574600000)]
  0x00000253f8b3f270 JavaThread "ClassGraph-worker-12" daemon [_thread_blocked, id=7092, stack(0x000000d574600000,0x000000d574700000)]
  0x00000253f8b7ce60 JavaThread "ClassGraph-worker-13" daemon [_thread_blocked, id=15392, stack(0x000000d574700000,0x000000d574800000)]
  0x00000253f8b811c0 JavaThread "parallel-1" daemon [_thread_blocked, id=19416, stack(0x000000d574900000,0x000000d574a00000)]
  0x00000253f8b81b60 JavaThread "pool-3-thread-1" [_thread_blocked, id=18164, stack(0x000000d574a00000,0x000000d574b00000)]
  0x00000253f8b82030 JavaThread "pool-4-thread-1" [_thread_blocked, id=18244, stack(0x000000d574c00000,0x000000d574d00000)]
  0x00000253f8b80820 JavaThread "parallel-2" daemon [_thread_blocked, id=21764, stack(0x000000d574d00000,0x000000d574e00000)]

Other Threads:
=>0x00000253f5f6f590 VMThread "VM Thread" [stack: 0x000000d571c00000,0x000000d571d00000] [id=21916]
  0x00000253eb1f8910 WatcherThread [stack: 0x000000d572700000,0x000000d572800000] [id=25676]
  0x00000253eb1e5d30 GCTaskThread "GC Thread#0" [stack: 0x000000d571700000,0x000000d571800000] [id=24248]
  0x00000253f74cdc80 GCTaskThread "GC Thread#1" [stack: 0x000000d572900000,0x000000d572a00000] [id=25596]
  0x00000253f7434480 GCTaskThread "GC Thread#2" [stack: 0x000000d572a00000,0x000000d572b00000] [id=24688]
  0x00000253f8016e40 GCTaskThread "GC Thread#3" [stack: 0x000000d572b00000,0x000000d572c00000] [id=20752]
  0x00000253f8017710 GCTaskThread "GC Thread#4" [stack: 0x000000d572c00000,0x000000d572d00000] [id=8820]
  0x00000253f8224b10 GCTaskThread "GC Thread#5" [stack: 0x000000d572d00000,0x000000d572e00000] [id=6744]
  0x00000253f8240e60 GCTaskThread "GC Thread#6" [stack: 0x000000d572e00000,0x000000d572f00000] [id=29416]
  0x00000253f82679c0 GCTaskThread "GC Thread#7" [stack: 0x000000d572f00000,0x000000d573000000] [id=24444]
  0x00000253eb1eec70 ConcurrentGCThread "G1 Main Marker" [stack: 0x000000d571800000,0x000000d571900000] [id=28108]
  0x00000253eb1ef680 ConcurrentGCThread "G1 Conc#0" [stack: 0x000000d571900000,0x000000d571a00000] [id=17656]
  0x00000253f83e1860 ConcurrentGCThread "G1 Conc#1" [stack: 0x000000d573200000,0x000000d573300000] [id=29372]
  0x00000253eb25e880 ConcurrentGCThread "G1 Refine#0" [stack: 0x000000d571a00000,0x000000d571b00000] [id=28132]
  0x00000253f8aba880 ConcurrentGCThread "G1 Refine#1" [stack: 0x000000d574800000,0x000000d574900000] [id=16980]
  0x00000253fa74c020 ConcurrentGCThread "G1 Refine#2" [stack: 0x000000d574b00000,0x000000d574c00000] [id=15348]
  0x00000253f5de12a0 ConcurrentGCThread "G1 Service" [stack: 0x000000d571b00000,0x000000d571c00000] [id=29000]

Threads with active compile tasks:

VM state: at safepoint (normal execution)

VM Mutex/Monitor currently owned by a thread:  ([mutex/lock_event])
[0x00000253e8f76ee0] Threads_lock - owner thread: 0x00000253f5f6f590
[0x00000253eb19ada0] Heap_lock - owner thread: 0x00000253f8b400e0

Heap address: 0x00000000c0000000, size: 1024 MB, Compressed Oops mode: 32-bit

CDS archive(s) not mapped
Compressed class space mapped at: 0x0000000100000000-0x0000000140000000, reserved size: 1073741824
Narrow klass base: 0x0000000000000000, Narrow klass shift: 3, Narrow klass range: 0x140000000

GC Precious Log:
 CPUs: 8 total, 8 available
 Memory: 8058M
 Large Page Support: Disabled
 NUMA Support: Disabled
 Compressed Oops: Enabled (32-bit)
 Heap Region Size: 1M
 Heap Min Capacity: 8M
 Heap Initial Capacity: 126M
 Heap Max Capacity: 1G
 Pre-touch: Disabled
 Parallel Workers: 8
 Concurrent Workers: 2
 Concurrent Refinement Workers: 8
 Periodic GC: Disabled

Heap:
 garbage-first heap   total 174080K, used 81271K [0x00000000c0000000, 0x0000000100000000)
  region size 1024K, 5 young (5120K), 5 survivors (5120K)
 Metaspace       used 40027K, committed 40512K, reserved 1089536K
  class space    used 5119K, committed 5312K, reserved 1048576K

Heap Regions: E=young(eden), S=young(survivor), O=old, HS=humongous(starts), HC=humongous(continues), CS=collection set, F=free, OA=open archive, CA=closed archive, TAMS=top-at-mark-start (previous, next)
|   0|0x00000000c0000000, 0x00000000c0100000, 0x00000000c0100000|100%| O|  |TAMS 0x00000000c0100000, 0x00000000c0000000| Untracked 
|   1|0x00000000c0100000, 0x00000000c0200000, 0x00000000c0200000|100%| O|  |TAMS 0x00000000c0200000, 0x00000000c0100000| Untracked 
|   2|0x00000000c0200000, 0x00000000c0300000, 0x00000000c0300000|100%| O|  |TAMS 0x00000000c0300000, 0x00000000c0200000| Untracked 
|   3|0x00000000c0300000, 0x00000000c0400000, 0x00000000c0400000|100%| O|  |TAMS 0x00000000c0400000, 0x00000000c0300000| Untracked 
|   4|0x00000000c0400000, 0x00000000c0500000, 0x00000000c0500000|100%| O|  |TAMS 0x00000000c0500000, 0x00000000c0400000| Untracked 
|   5|0x00000000c0500000, 0x00000000c0600000, 0x00000000c0600000|100%| O|  |TAMS 0x00000000c0600000, 0x00000000c0500000| Untracked 
|   6|0x00000000c0600000, 0x00000000c0700000, 0x00000000c0700000|100%| O|  |TAMS 0x00000000c0700000, 0x00000000c0600000| Untracked 
|   7|0x00000000c0700000, 0x00000000c0800000, 0x00000000c0800000|100%|HS|  |TAMS 0x00000000c0700000, 0x00000000c0700000| Complete 
|   8|0x00000000c0800000, 0x00000000c0900000, 0x00000000c0900000|100%| O|  |TAMS 0x00000000c0900000, 0x00000000c0800000| Untracked 
|   9|0x00000000c0900000, 0x00000000c0a00000, 0x00000000c0a00000|100%| O|  |TAMS 0x00000000c0a00000, 0x00000000c0900000| Untracked 
|  10|0x00000000c0a00000, 0x00000000c0b00000, 0x00000000c0b00000|100%| O|  |TAMS 0x00000000c0b00000, 0x00000000c0a00000| Untracked 
|  11|0x00000000c0b00000, 0x00000000c0c00000, 0x00000000c0c00000|100%| O|  |TAMS 0x00000000c0c00000, 0x00000000c0b00000| Untracked 
|  12|0x00000000c0c00000, 0x00000000c0d00000, 0x00000000c0d00000|100%| O|  |TAMS 0x00000000c0d00000, 0x00000000c0c00000| Untracked 
|  13|0x00000000c0d00000, 0x00000000c0e00000, 0x00000000c0e00000|100%| O|  |TAMS 0x00000000c0e00000, 0x00000000c0d00000| Untracked 
|  14|0x00000000c0e00000, 0x00000000c0f00000, 0x00000000c0f00000|100%| O|  |TAMS 0x00000000c0f00000, 0x00000000c0e00000| Untracked 
|  15|0x00000000c0f00000, 0x00000000c1000000, 0x00000000c1000000|100%| O|  |TAMS 0x00000000c1000000, 0x00000000c0f00000| Untracked 
|  16|0x00000000c1000000, 0x00000000c1100000, 0x00000000c1100000|100%| O|  |TAMS 0x00000000c1100000, 0x00000000c1000000| Untracked 
|  17|0x00000000c1100000, 0x00000000c1200000, 0x00000000c1200000|100%| O|  |TAMS 0x00000000c1200000, 0x00000000c1100000| Untracked 
|  18|0x00000000c1200000, 0x00000000c1300000, 0x00000000c1300000|100%| O|  |TAMS 0x00000000c1300000, 0x00000000c1200000| Untracked 
|  19|0x00000000c1300000, 0x00000000c1400000, 0x00000000c1400000|100%| O|  |TAMS 0x00000000c1400000, 0x00000000c1300000| Untracked 
|  20|0x00000000c1400000, 0x00000000c1500000, 0x00000000c1500000|100%| O|  |TAMS 0x00000000c1500000, 0x00000000c1400000| Untracked 
|  21|0x00000000c1500000, 0x00000000c1600000, 0x00000000c1600000|100%| O|  |TAMS 0x00000000c1600000, 0x00000000c1500000| Untracked 
|  22|0x00000000c1600000, 0x00000000c1700000, 0x00000000c1700000|100%| O|  |TAMS 0x00000000c1700000, 0x00000000c1600000| Untracked 
|  23|0x00000000c1700000, 0x00000000c1800000, 0x00000000c1800000|100%| O|  |TAMS 0x00000000c1800000, 0x00000000c1700000| Untracked 
|  24|0x00000000c1800000, 0x00000000c1900000, 0x00000000c1900000|100%| O|  |TAMS 0x00000000c1900000, 0x00000000c1800000| Untracked 
|  25|0x00000000c1900000, 0x00000000c1a00000, 0x00000000c1a00000|100%| O|  |TAMS 0x00000000c1a00000, 0x00000000c1900000| Untracked 
|  26|0x00000000c1a00000, 0x00000000c1b00000, 0x00000000c1b00000|100%| O|  |TAMS 0x00000000c1b00000, 0x00000000c1a00000| Untracked 
|  27|0x00000000c1b00000, 0x00000000c1c00000, 0x00000000c1c00000|100%| O|  |TAMS 0x00000000c1c00000, 0x00000000c1b00000| Untracked 
|  28|0x00000000c1c00000, 0x00000000c1d00000, 0x00000000c1d00000|100%| O|  |TAMS 0x00000000c1d00000, 0x00000000c1c00000| Untracked 
|  29|0x00000000c1d00000, 0x00000000c1e00000, 0x00000000c1e00000|100%| O|  |TAMS 0x00000000c1e00000, 0x00000000c1d00000| Untracked 
|  30|0x00000000c1e00000, 0x00000000c1f00000, 0x00000000c1f00000|100%| O|  |TAMS 0x00000000c1e9a800, 0x00000000c1e00000| Untracked 
|  31|0x00000000c1f00000, 0x00000000c2000000, 0x00000000c2000000|100%| O|  |TAMS 0x00000000c1f00000, 0x00000000c1f00000| Untracked 
|  32|0x00000000c2000000, 0x00000000c2100000, 0x00000000c2100000|100%| O|  |TAMS 0x00000000c2000000, 0x00000000c2000000| Untracked 
|  33|0x00000000c2100000, 0x00000000c2200000, 0x00000000c2200000|100%| O|  |TAMS 0x00000000c2100000, 0x00000000c2100000| Untracked 
|  34|0x00000000c2200000, 0x00000000c2300000, 0x00000000c2300000|100%| O|  |TAMS 0x00000000c2200000, 0x00000000c2200000| Untracked 
|  35|0x00000000c2300000, 0x00000000c2400000, 0x00000000c2400000|100%| O|  |TAMS 0x00000000c2300000, 0x00000000c2300000| Untracked 
|  36|0x00000000c2400000, 0x00000000c2500000, 0x00000000c2500000|100%| O|  |TAMS 0x00000000c2400000, 0x00000000c2400000| Untracked 
|  37|0x00000000c2500000, 0x00000000c2600000, 0x00000000c2600000|100%| O|  |TAMS 0x00000000c2500000, 0x00000000c2500000| Untracked 
|  38|0x00000000c2600000, 0x00000000c2700000, 0x00000000c2700000|100%| O|  |TAMS 0x00000000c2600000, 0x00000000c2600000| Untracked 
|  39|0x00000000c2700000, 0x00000000c2800000, 0x00000000c2800000|100%| O|  |TAMS 0x00000000c2700000, 0x00000000c2700000| Untracked 
|  40|0x00000000c2800000, 0x00000000c2900000, 0x00000000c2900000|100%| O|  |TAMS 0x00000000c2800000, 0x00000000c2800000| Untracked 
|  41|0x00000000c2900000, 0x00000000c2a00000, 0x00000000c2a00000|100%| O|  |TAMS 0x00000000c2900000, 0x00000000c2900000| Untracked 
|  42|0x00000000c2a00000, 0x00000000c2b00000, 0x00000000c2b00000|100%| O|  |TAMS 0x00000000c2a00000, 0x00000000c2a00000| Untracked 
|  43|0x00000000c2b00000, 0x00000000c2c00000, 0x00000000c2c00000|100%| O|  |TAMS 0x00000000c2b00000, 0x00000000c2b00000| Untracked 
|  44|0x00000000c2c00000, 0x00000000c2d00000, 0x00000000c2d00000|100%| O|  |TAMS 0x00000000c2c00000, 0x00000000c2c00000| Untracked 
|  45|0x00000000c2d00000, 0x00000000c2e00000, 0x00000000c2e00000|100%| O|  |TAMS 0x00000000c2d00000, 0x00000000c2d00000| Untracked 
|  46|0x00000000c2e00000, 0x00000000c2f00000, 0x00000000c2f00000|100%| O|  |TAMS 0x00000000c2e00000, 0x00000000c2e00000| Untracked 
|  47|0x00000000c2f00000, 0x00000000c3000000, 0x00000000c3000000|100%|HS|  |TAMS 0x00000000c2f00000, 0x00000000c2f00000| Complete 
|  48|0x00000000c3000000, 0x00000000c3100000, 0x00000000c3100000|100%|HS|  |TAMS 0x00000000c3000000, 0x00000000c3000000| Complete 
|  49|0x00000000c3100000, 0x00000000c3200000, 0x00000000c3200000|100%| O|  |TAMS 0x00000000c3100000, 0x00000000c3100000| Untracked 
|  50|0x00000000c3200000, 0x00000000c3300000, 0x00000000c3300000|100%| O|  |TAMS 0x00000000c3200000, 0x00000000c3200000| Untracked 
|  51|0x00000000c3300000, 0x00000000c3400000, 0x00000000c3400000|100%| O|  |TAMS 0x00000000c3300000, 0x00000000c3300000| Untracked 
|  52|0x00000000c3400000, 0x00000000c3500000, 0x00000000c3500000|100%| O|  |TAMS 0x00000000c3400000, 0x00000000c3400000| Untracked 
|  53|0x00000000c3500000, 0x00000000c3600000, 0x00000000c3600000|100%| O|  |TAMS 0x00000000c3500000, 0x00000000c3500000| Untracked 
|  54|0x00000000c3600000, 0x00000000c3700000, 0x00000000c3700000|100%| O|  |TAMS 0x00000000c3600000, 0x00000000c3600000| Untracked 
|  55|0x00000000c3700000, 0x00000000c3800000, 0x00000000c3800000|100%| O|  |TAMS 0x00000000c3700000, 0x00000000c3700000| Untracked 
|  56|0x00000000c3800000, 0x00000000c3900000, 0x00000000c3900000|100%| O|  |TAMS 0x00000000c3800000, 0x00000000c3800000| Untracked 
|  57|0x00000000c3900000, 0x00000000c3a00000, 0x00000000c3a00000|100%| O|  |TAMS 0x00000000c3900000, 0x00000000c3900000| Untracked 
|  58|0x00000000c3a00000, 0x00000000c3b00000, 0x00000000c3b00000|100%| O|  |TAMS 0x00000000c3a00000, 0x00000000c3a00000| Untracked 
|  59|0x00000000c3b00000, 0x00000000c3c00000, 0x00000000c3c00000|100%| O|  |TAMS 0x00000000c3b00000, 0x00000000c3b00000| Untracked 
|  60|0x00000000c3c00000, 0x00000000c3d00000, 0x00000000c3d00000|100%| O|  |TAMS 0x00000000c3c00000, 0x00000000c3c00000| Untracked 
|  61|0x00000000c3d00000, 0x00000000c3e00000, 0x00000000c3e00000|100%| O|  |TAMS 0x00000000c3d00000, 0x00000000c3d00000| Untracked 
|  62|0x00000000c3e00000, 0x00000000c3f00000, 0x00000000c3f00000|100%| O|  |TAMS 0x00000000c3e00000, 0x00000000c3e00000| Untracked 
|  63|0x00000000c3f00000, 0x00000000c4000000, 0x00000000c4000000|100%| O|  |TAMS 0x00000000c3f00000, 0x00000000c3f00000| Untracked 
|  64|0x00000000c4000000, 0x00000000c4100000, 0x00000000c4100000|100%| O|  |TAMS 0x00000000c4000000, 0x00000000c4000000| Untracked 
|  65|0x00000000c4100000, 0x00000000c4200000, 0x00000000c4200000|100%| O|  |TAMS 0x00000000c4100000, 0x00000000c4100000| Untracked 
|  66|0x00000000c4200000, 0x00000000c4300000, 0x00000000c4300000|100%| O|  |TAMS 0x00000000c4200000, 0x00000000c4200000| Untracked 
|  67|0x00000000c4300000, 0x00000000c4400000, 0x00000000c4400000|100%| O|  |TAMS 0x00000000c4300000, 0x00000000c4300000| Untracked 
|  68|0x00000000c4400000, 0x00000000c4500000, 0x00000000c4500000|100%| O|  |TAMS 0x00000000c4400000, 0x00000000c4400000| Untracked 
|  69|0x00000000c4500000, 0x00000000c4600000, 0x00000000c4600000|100%| O|  |TAMS 0x00000000c4500000, 0x00000000c4500000| Untracked 
|  70|0x00000000c4600000, 0x00000000c4700000, 0x00000000c4700000|100%| O|  |TAMS 0x00000000c4600000, 0x00000000c4600000| Untracked 
|  71|0x00000000c4700000, 0x00000000c4800000, 0x00000000c4800000|100%| O|  |TAMS 0x00000000c4700000, 0x00000000c4700000| Untracked 
|  72|0x00000000c4800000, 0x00000000c4900000, 0x00000000c4900000|100%| O|  |TAMS 0x00000000c4800000, 0x00000000c4800000| Untracked 
|  73|0x00000000c4900000, 0x00000000c4a00000, 0x00000000c4a00000|100%| O|  |TAMS 0x00000000c4900000, 0x00000000c4900000| Untracked 
|  74|0x00000000c4a00000, 0x00000000c4b00000, 0x00000000c4b00000|100%| O|  |TAMS 0x00000000c4a00000, 0x00000000c4a00000| Untracked 
|  75|0x00000000c4b00000, 0x00000000c4b47200, 0x00000000c4c00000| 27%| O|  |TAMS 0x00000000c4b00000, 0x00000000c4b00000| Untracked 
|  76|0x00000000c4c00000, 0x00000000c4c00000, 0x00000000c4d00000|  0%| F|  |TAMS 0x00000000c4c00000, 0x00000000c4c00000| Untracked 
|  77|0x00000000c4d00000, 0x00000000c4d00000, 0x00000000c4e00000|  0%| F|  |TAMS 0x00000000c4d00000, 0x00000000c4d00000| Untracked 
|  78|0x00000000c4e00000, 0x00000000c4e00000, 0x00000000c4f00000|  0%| F|  |TAMS 0x00000000c4e00000, 0x00000000c4e00000| Untracked 
|  79|0x00000000c4f00000, 0x00000000c4f00000, 0x00000000c5000000|  0%| F|  |TAMS 0x00000000c4f00000, 0x00000000c4f00000| Untracked 
|  80|0x00000000c5000000, 0x00000000c5000000, 0x00000000c5100000|  0%| F|  |TAMS 0x00000000c5000000, 0x00000000c5000000| Untracked 
|  81|0x00000000c5100000, 0x00000000c5100000, 0x00000000c5200000|  0%| F|  |TAMS 0x00000000c5100000, 0x00000000c5100000| Untracked 
|  82|0x00000000c5200000, 0x00000000c5200000, 0x00000000c5300000|  0%| F|  |TAMS 0x00000000c5200000, 0x00000000c5200000| Untracked 
|  83|0x00000000c5300000, 0x00000000c5300000, 0x00000000c5400000|  0%| F|  |TAMS 0x00000000c5300000, 0x00000000c5300000| Untracked 
|  84|0x00000000c5400000, 0x00000000c5400000, 0x00000000c5500000|  0%| F|  |TAMS 0x00000000c5400000, 0x00000000c5400000| Untracked 
|  85|0x00000000c5500000, 0x00000000c5500000, 0x00000000c5600000|  0%| F|  |TAMS 0x00000000c5500000, 0x00000000c5500000| Untracked 
|  86|0x00000000c5600000, 0x00000000c5600000, 0x00000000c5700000|  0%| F|  |TAMS 0x00000000c5600000, 0x00000000c5600000| Untracked 
|  87|0x00000000c5700000, 0x00000000c5700000, 0x00000000c5800000|  0%| F|  |TAMS 0x00000000c5700000, 0x00000000c5700000| Untracked 
|  88|0x00000000c5800000, 0x00000000c5800000, 0x00000000c5900000|  0%| F|  |TAMS 0x00000000c5800000, 0x00000000c5800000| Untracked 
|  89|0x00000000c5900000, 0x00000000c5900000, 0x00000000c5a00000|  0%| F|  |TAMS 0x00000000c5900000, 0x00000000c5900000| Untracked 
|  90|0x00000000c5a00000, 0x00000000c5a00000, 0x00000000c5b00000|  0%| F|  |TAMS 0x00000000c5a00000, 0x00000000c5a00000| Untracked 
|  91|0x00000000c5b00000, 0x00000000c5b00000, 0x00000000c5c00000|  0%| F|  |TAMS 0x00000000c5b00000, 0x00000000c5b00000| Untracked 
|  92|0x00000000c5c00000, 0x00000000c5c00000, 0x00000000c5d00000|  0%| F|  |TAMS 0x00000000c5c00000, 0x00000000c5c00000| Untracked 
|  93|0x00000000c5d00000, 0x00000000c5d00000, 0x00000000c5e00000|  0%| F|  |TAMS 0x00000000c5d00000, 0x00000000c5d00000| Untracked 
|  94|0x00000000c5e00000, 0x00000000c5e00000, 0x00000000c5f00000|  0%| F|  |TAMS 0x00000000c5e00000, 0x00000000c5e00000| Untracked 
|  95|0x00000000c5f00000, 0x00000000c5f00000, 0x00000000c6000000|  0%| F|  |TAMS 0x00000000c5f00000, 0x00000000c5f00000| Untracked 
|  96|0x00000000c6000000, 0x00000000c6000000, 0x00000000c6100000|  0%| F|  |TAMS 0x00000000c6000000, 0x00000000c6000000| Untracked 
|  97|0x00000000c6100000, 0x00000000c6100000, 0x00000000c6200000|  0%| F|  |TAMS 0x00000000c6100000, 0x00000000c6100000| Untracked 
|  98|0x00000000c6200000, 0x00000000c6200000, 0x00000000c6300000|  0%| F|  |TAMS 0x00000000c6200000, 0x00000000c6200000| Untracked 
|  99|0x00000000c6300000, 0x00000000c6300000, 0x00000000c6400000|  0%| F|  |TAMS 0x00000000c6300000, 0x00000000c6300000| Untracked 
| 100|0x00000000c6400000, 0x00000000c6400000, 0x00000000c6500000|  0%| F|  |TAMS 0x00000000c6400000, 0x00000000c6400000| Untracked 
| 101|0x00000000c6500000, 0x00000000c6500000, 0x00000000c6600000|  0%| F|  |TAMS 0x00000000c6500000, 0x00000000c6500000| Untracked 
| 102|0x00000000c6600000, 0x00000000c6600000, 0x00000000c6700000|  0%| F|  |TAMS 0x00000000c6600000, 0x00000000c6600000| Untracked 
| 103|0x00000000c6700000, 0x00000000c6700000, 0x00000000c6800000|  0%| F|  |TAMS 0x00000000c6700000, 0x00000000c6700000| Untracked 
| 104|0x00000000c6800000, 0x00000000c6800000, 0x00000000c6900000|  0%| F|  |TAMS 0x00000000c6800000, 0x00000000c6800000| Untracked 
| 105|0x00000000c6900000, 0x00000000c6900000, 0x00000000c6a00000|  0%| F|  |TAMS 0x00000000c6900000, 0x00000000c6900000| Untracked 
| 106|0x00000000c6a00000, 0x00000000c6a00000, 0x00000000c6b00000|  0%| F|  |TAMS 0x00000000c6a00000, 0x00000000c6a00000| Untracked 
| 107|0x00000000c6b00000, 0x00000000c6b00000, 0x00000000c6c00000|  0%| F|  |TAMS 0x00000000c6b00000, 0x00000000c6b00000| Untracked 
| 108|0x00000000c6c00000, 0x00000000c6c00000, 0x00000000c6d00000|  0%| F|  |TAMS 0x00000000c6c00000, 0x00000000c6c00000| Untracked 
| 109|0x00000000c6d00000, 0x00000000c6d00000, 0x00000000c6e00000|  0%| F|  |TAMS 0x00000000c6d00000, 0x00000000c6d00000| Untracked 
| 110|0x00000000c6e00000, 0x00000000c6e00000, 0x00000000c6f00000|  0%| F|  |TAMS 0x00000000c6e00000, 0x00000000c6e00000| Untracked 
| 111|0x00000000c6f00000, 0x00000000c6f16b30, 0x00000000c7000000|  8%| S|CS|TAMS 0x00000000c6f00000, 0x00000000c6f00000| Complete 
| 112|0x00000000c7000000, 0x00000000c7100000, 0x00000000c7100000|100%| S|CS|TAMS 0x00000000c7000000, 0x00000000c7000000| Complete 
| 113|0x00000000c7100000, 0x00000000c7200000, 0x00000000c7200000|100%| S|CS|TAMS 0x00000000c7100000, 0x00000000c7100000| Complete 
| 114|0x00000000c7200000, 0x00000000c7300000, 0x00000000c7300000|100%| S|CS|TAMS 0x00000000c7200000, 0x00000000c7200000| Complete 
| 115|0x00000000c7300000, 0x00000000c7400000, 0x00000000c7400000|100%| S|CS|TAMS 0x00000000c7300000, 0x00000000c7300000| Complete 
| 116|0x00000000c7400000, 0x00000000c7400000, 0x00000000c7500000|  0%| F|  |TAMS 0x00000000c7400000, 0x00000000c7400000| Untracked 
| 117|0x00000000c7500000, 0x00000000c7500000, 0x00000000c7600000|  0%| F|  |TAMS 0x00000000c7500000, 0x00000000c7500000| Untracked 
| 118|0x00000000c7600000, 0x00000000c7600000, 0x00000000c7700000|  0%| F|  |TAMS 0x00000000c7600000, 0x00000000c7600000| Untracked 
| 119|0x00000000c7700000, 0x00000000c7700000, 0x00000000c7800000|  0%| F|  |TAMS 0x00000000c7700000, 0x00000000c7700000| Untracked 
| 120|0x00000000c7800000, 0x00000000c7800000, 0x00000000c7900000|  0%| F|  |TAMS 0x00000000c7800000, 0x00000000c7800000| Untracked 
| 121|0x00000000c7900000, 0x00000000c7900000, 0x00000000c7a00000|  0%| F|  |TAMS 0x00000000c7900000, 0x00000000c7900000| Untracked 
| 122|0x00000000c7a00000, 0x00000000c7a00000, 0x00000000c7b00000|  0%| F|  |TAMS 0x00000000c7a00000, 0x00000000c7a00000| Untracked 
| 123|0x00000000c7b00000, 0x00000000c7b00000, 0x00000000c7c00000|  0%| F|  |TAMS 0x00000000c7b00000, 0x00000000c7b00000| Untracked 
| 124|0x00000000c7c00000, 0x00000000c7c00000, 0x00000000c7d00000|  0%| F|  |TAMS 0x00000000c7c00000, 0x00000000c7c00000| Untracked 
| 125|0x00000000c7d00000, 0x00000000c7d00000, 0x00000000c7e00000|  0%| F|  |TAMS 0x00000000c7d00000, 0x00000000c7d00000| Untracked 
| 126|0x00000000c7e00000, 0x00000000c7e00000, 0x00000000c7f00000|  0%| F|  |TAMS 0x00000000c7e00000, 0x00000000c7e00000| Untracked 
| 127|0x00000000c7f00000, 0x00000000c7f00000, 0x00000000c8000000|  0%| F|  |TAMS 0x00000000c7f00000, 0x00000000c7f00000| Untracked 
| 128|0x00000000c8000000, 0x00000000c8000000, 0x00000000c8100000|  0%| F|  |TAMS 0x00000000c8000000, 0x00000000c8000000| Untracked 
| 129|0x00000000c8100000, 0x00000000c8100000, 0x00000000c8200000|  0%| F|  |TAMS 0x00000000c8100000, 0x00000000c8100000| Untracked 
| 130|0x00000000c8200000, 0x00000000c8200000, 0x00000000c8300000|  0%| F|  |TAMS 0x00000000c8200000, 0x00000000c8200000| Untracked 
| 131|0x00000000c8300000, 0x00000000c8300000, 0x00000000c8400000|  0%| F|  |TAMS 0x00000000c8300000, 0x00000000c8300000| Untracked 
| 132|0x00000000c8400000, 0x00000000c8400000, 0x00000000c8500000|  0%| F|  |TAMS 0x00000000c8400000, 0x00000000c8400000| Untracked 
| 133|0x00000000c8500000, 0x00000000c8500000, 0x00000000c8600000|  0%| F|  |TAMS 0x00000000c8500000, 0x00000000c8500000| Untracked 
| 134|0x00000000c8600000, 0x00000000c8600000, 0x00000000c8700000|  0%| F|  |TAMS 0x00000000c8600000, 0x00000000c8600000| Untracked 
| 135|0x00000000c8700000, 0x00000000c8700000, 0x00000000c8800000|  0%| F|  |TAMS 0x00000000c8700000, 0x00000000c8700000| Untracked 
| 136|0x00000000c8800000, 0x00000000c8800000, 0x00000000c8900000|  0%| F|  |TAMS 0x00000000c8800000, 0x00000000c8800000| Untracked 
| 137|0x00000000c8900000, 0x00000000c8900000, 0x00000000c8a00000|  0%| F|  |TAMS 0x00000000c8900000, 0x00000000c8900000| Untracked 
| 138|0x00000000c8a00000, 0x00000000c8a00000, 0x00000000c8b00000|  0%| F|  |TAMS 0x00000000c8a00000, 0x00000000c8a00000| Untracked 
| 139|0x00000000c8b00000, 0x00000000c8b00000, 0x00000000c8c00000|  0%| F|  |TAMS 0x00000000c8b00000, 0x00000000c8b00000| Untracked 
| 140|0x00000000c8c00000, 0x00000000c8c00000, 0x00000000c8d00000|  0%| F|  |TAMS 0x00000000c8c00000, 0x00000000c8c00000| Untracked 
| 141|0x00000000c8d00000, 0x00000000c8d00000, 0x00000000c8e00000|  0%| F|  |TAMS 0x00000000c8d00000, 0x00000000c8d00000| Untracked 
| 142|0x00000000c8e00000, 0x00000000c8e00000, 0x00000000c8f00000|  0%| F|  |TAMS 0x00000000c8e00000, 0x00000000c8e00000| Untracked 
| 143|0x00000000c8f00000, 0x00000000c8f00000, 0x00000000c9000000|  0%| F|  |TAMS 0x00000000c8f00000, 0x00000000c8f00000| Untracked 
| 144|0x00000000c9000000, 0x00000000c9000000, 0x00000000c9100000|  0%| F|  |TAMS 0x00000000c9000000, 0x00000000c9000000| Untracked 
| 145|0x00000000c9100000, 0x00000000c9100000, 0x00000000c9200000|  0%| F|  |TAMS 0x00000000c9100000, 0x00000000c9100000| Untracked 
| 146|0x00000000c9200000, 0x00000000c9200000, 0x00000000c9300000|  0%| F|  |TAMS 0x00000000c9200000, 0x00000000c9200000| Untracked 
| 147|0x00000000c9300000, 0x00000000c9300000, 0x00000000c9400000|  0%| F|  |TAMS 0x00000000c9300000, 0x00000000c9300000| Untracked 
| 148|0x00000000c9400000, 0x00000000c9400000, 0x00000000c9500000|  0%| F|  |TAMS 0x00000000c9400000, 0x00000000c9400000| Untracked 
| 149|0x00000000c9500000, 0x00000000c9500000, 0x00000000c9600000|  0%| F|  |TAMS 0x00000000c9500000, 0x00000000c9500000| Untracked 
| 150|0x00000000c9600000, 0x00000000c9600000, 0x00000000c9700000|  0%| F|  |TAMS 0x00000000c9600000, 0x00000000c9600000| Untracked 
| 151|0x00000000c9700000, 0x00000000c9700000, 0x00000000c9800000|  0%| F|  |TAMS 0x00000000c9700000, 0x00000000c9700000| Untracked 
| 152|0x00000000c9800000, 0x00000000c9800000, 0x00000000c9900000|  0%| F|  |TAMS 0x00000000c9800000, 0x00000000c9800000| Untracked 
| 153|0x00000000c9900000, 0x00000000c9900000, 0x00000000c9a00000|  0%| F|  |TAMS 0x00000000c9900000, 0x00000000c9900000| Untracked 
| 154|0x00000000c9a00000, 0x00000000c9a00000, 0x00000000c9b00000|  0%| F|  |TAMS 0x00000000c9a00000, 0x00000000c9a00000| Untracked 
| 155|0x00000000c9b00000, 0x00000000c9b00000, 0x00000000c9c00000|  0%| F|  |TAMS 0x00000000c9b00000, 0x00000000c9b00000| Untracked 
| 156|0x00000000c9c00000, 0x00000000c9c00000, 0x00000000c9d00000|  0%| F|  |TAMS 0x00000000c9c00000, 0x00000000c9c00000| Untracked 
| 157|0x00000000c9d00000, 0x00000000c9d00000, 0x00000000c9e00000|  0%| F|  |TAMS 0x00000000c9d00000, 0x00000000c9d00000| Untracked 
| 158|0x00000000c9e00000, 0x00000000c9e00000, 0x00000000c9f00000|  0%| F|  |TAMS 0x00000000c9e00000, 0x00000000c9e00000| Untracked 
| 159|0x00000000c9f00000, 0x00000000c9f00000, 0x00000000ca000000|  0%| F|  |TAMS 0x00000000c9f00000, 0x00000000c9f00000| Untracked 
| 160|0x00000000ca000000, 0x00000000ca000000, 0x00000000ca100000|  0%| F|  |TAMS 0x00000000ca000000, 0x00000000ca000000| Untracked 
| 161|0x00000000ca100000, 0x00000000ca100000, 0x00000000ca200000|  0%| F|  |TAMS 0x00000000ca100000, 0x00000000ca100000| Untracked 
| 162|0x00000000ca200000, 0x00000000ca200000, 0x00000000ca300000|  0%| F|  |TAMS 0x00000000ca200000, 0x00000000ca200000| Untracked 
| 163|0x00000000ca300000, 0x00000000ca300000, 0x00000000ca400000|  0%| F|  |TAMS 0x00000000ca300000, 0x00000000ca300000| Untracked 
| 164|0x00000000ca400000, 0x00000000ca400000, 0x00000000ca500000|  0%| F|  |TAMS 0x00000000ca400000, 0x00000000ca400000| Untracked 
| 165|0x00000000ca500000, 0x00000000ca500000, 0x00000000ca600000|  0%| F|  |TAMS 0x00000000ca500000, 0x00000000ca500000| Untracked 
| 166|0x00000000ca600000, 0x00000000ca600000, 0x00000000ca700000|  0%| F|  |TAMS 0x00000000ca600000, 0x00000000ca600000| Untracked 
| 167|0x00000000ca700000, 0x00000000ca700000, 0x00000000ca800000|  0%| F|  |TAMS 0x00000000ca700000, 0x00000000ca700000| Untracked 
| 168|0x00000000ca800000, 0x00000000ca800000, 0x00000000ca900000|  0%| F|  |TAMS 0x00000000ca800000, 0x00000000ca800000| Untracked 
| 169|0x00000000ca900000, 0x00000000ca900000, 0x00000000caa00000|  0%| F|  |TAMS 0x00000000ca900000, 0x00000000ca900000| Untracked 

Card table byte_map: [0x00000253f1130000,0x00000253f1330000] _byte_map_base: 0x00000253f0b30000

Marking Bits (Prev, Next): (CMBitMap*) 0x00000253eb1e6340, (CMBitMap*) 0x00000253eb1e6380
 Prev Bits: [0x00000253f1530000, 0x00000253f2530000)
 Next Bits: [0x00000253f2530000, 0x00000253f3530000)

Polling page: 0x00000253e9140000

Metaspace:

Usage:
  Non-class:     34.09 MB used.
      Class:      5.00 MB used.
       Both:     39.09 MB used.

Virtual space:
  Non-class space:       40.00 MB reserved,      34.38 MB ( 86%) committed,  5 nodes.
      Class space:        1.00 GB reserved,       5.19 MB ( <1%) committed,  1 nodes.
             Both:        1.04 GB reserved,      39.56 MB (  4%) committed. 

Chunk freelists:
   Non-Class:  1.36 MB
       Class:  2.73 MB
        Both:  4.09 MB

MaxMetaspaceSize: unlimited
CompressedClassSpaceSize: 1.00 GB
Initial GC threshold: 21.00 MB
Current GC threshold: 61.19 MB
CDS: off
MetaspaceReclaimPolicy: balanced
 - commit_granule_bytes: 65536.
 - commit_granule_words: 8192.
 - virtual_space_node_default_size: 1048576.
 - enlarge_chunks_in_place: 1.
 - new_chunks_are_fully_committed: 0.
 - uncommit_free_chunks: 1.
 - use_allocation_guard: 0.
 - handle_deallocations: 1.


Internal statistics:

num_allocs_failed_limit: 6.
num_arena_births: 500.
num_arena_deaths: 0.
num_vsnodes_births: 6.
num_vsnodes_deaths: 0.
num_space_committed: 633.
num_space_uncommitted: 0.
num_chunks_returned_to_freelist: 6.
num_chunks_taken_from_freelist: 1729.
num_chunk_merges: 6.
num_chunk_splits: 1181.
num_chunks_enlarged: 877.
num_purges: 0.
num_inconsistent_stats: 0.

CodeCache: size=49152Kb used=9146Kb max_used=9146Kb free=40005Kb
 bounds [0x00000253ede20000, 0x00000253ee710000, 0x00000253f0e20000]
 total_blobs=4703 nmethods=4149 adapters=479
 compilation: enabled
              stopped_count=0, restarted_count=0
 full_count=0

Compilation events (20 events):
Event: 10.346 Thread 0x00000253f691c3c0 4135       1       jdk.internal.org.objectweb.asm.Type::getType (10 bytes)
Event: 10.346 Thread 0x00000253f691c3c0 nmethod 4135 0x00000253ee70aa10 code [0x00000253ee70aba0, 0x00000253ee70ac88]
Event: 10.349 Thread 0x00000253f691c3c0 4141       1       org.eclipse.jdt.internal.compiler.impl.CompilerOptions::getSeverityString (49 bytes)
Event: 10.349 Thread 0x00000253f691c3c0 nmethod 4141 0x00000253ee70bc90 code [0x00000253ee70be60, 0x00000253ee70c0d8]
Event: 10.350 Thread 0x00000253f691c3c0 4142       1       java.lang.invoke.DelegatingMethodHandle$Holder::reinvoke_L (20 bytes)
Event: 10.350 Thread 0x00000253f82785c0 4143       1       java.util.StringJoiner::add (110 bytes)
Event: 10.351 Thread 0x00000253f691c3c0 nmethod 4142 0x00000253ee70c290 code [0x00000253ee70c440, 0x00000253ee70c578]
Event: 10.351 Thread 0x00000253f82785c0 nmethod 4143 0x00000253ee70c690 code [0x00000253ee70c880, 0x00000253ee70cd18]
Event: 10.355 Thread 0x00000253f82785c0 4144       1       java.lang.Long::stringSize (55 bytes)
Event: 10.356 Thread 0x00000253f82785c0 nmethod 4144 0x00000253ee70d310 code [0x00000253ee70d4a0, 0x00000253ee70d5f8]
Event: 10.358 Thread 0x00000253f82785c0 4145       1       java.lang.Long::getChars (208 bytes)
Event: 10.358 Thread 0x00000253f82785c0 nmethod 4145 0x00000253ee70d690 code [0x00000253ee70d860, 0x00000253ee70dc38]
Event: 10.385 Thread 0x00000253f82785c0 4146       1       sun.security.provider.MD5::FF (33 bytes)
Event: 10.385 Thread 0x00000253f691c3c0 4147       1       sun.security.provider.MD5::GG (33 bytes)
Event: 10.385 Thread 0x00000253f7112e60 4148       1       sun.security.provider.MD5::HH (29 bytes)
Event: 10.386 Thread 0x00000253f7112e60 nmethod 4148 0x00000253ee70df10 code [0x00000253ee70e0a0, 0x00000253ee70e178]
Event: 10.386 Thread 0x00000253f691c3c0 nmethod 4147 0x00000253ee70e210 code [0x00000253ee70e3a0, 0x00000253ee70e478]
Event: 10.386 Thread 0x00000253f82785c0 nmethod 4146 0x00000253ee70e510 code [0x00000253ee70e6a0, 0x00000253ee70e778]
Event: 10.386 Thread 0x00000253f7112e60 4149       1       sun.security.provider.MD5::II (31 bytes)
Event: 10.386 Thread 0x00000253f7112e60 nmethod 4149 0x00000253ee70e810 code [0x00000253ee70e9a0, 0x00000253ee70ea78]

GC Heap History (20 events):
Event: 9.714 GC heap after
{Heap after GC invocations=12 (full 0):
 garbage-first heap   total 68608K, used 25389K [0x00000000c0000000, 0x0000000100000000)
  region size 1024K, 2 young (2048K), 2 survivors (2048K)
 Metaspace       used 36110K, committed 36480K, reserved 1081344K
  class space    used 4745K, committed 4928K, reserved 1048576K
}
Event: 9.794 GC heap before
{Heap before GC invocations=13 (full 0):
 garbage-first heap   total 68608K, used 48941K [0x00000000c0000000, 0x0000000100000000)
  region size 1024K, 26 young (26624K), 2 survivors (2048K)
 Metaspace       used 36460K, committed 36864K, reserved 1081344K
  class space    used 4805K, committed 4992K, reserved 1048576K
}
Event: 9.797 GC heap after
{Heap after GC invocations=14 (full 0):
 garbage-first heap   total 68608K, used 30186K [0x00000000c0000000, 0x0000000100000000)
  region size 1024K, 4 young (4096K), 4 survivors (4096K)
 Metaspace       used 36460K, committed 36864K, reserved 1081344K
  class space    used 4805K, committed 4992K, reserved 1048576K
}
Event: 9.830 GC heap before
{Heap before GC invocations=14 (full 0):
 garbage-first heap   total 68608K, used 48618K [0x00000000c0000000, 0x0000000100000000)
  region size 1024K, 23 young (23552K), 4 survivors (4096K)
 Metaspace       used 36799K, committed 37184K, reserved 1081344K
  class space    used 4825K, committed 4992K, reserved 1048576K
}
Event: 9.833 GC heap after
{Heap after GC invocations=15 (full 0):
 garbage-first heap   total 68608K, used 33603K [0x00000000c0000000, 0x0000000100000000)
  region size 1024K, 3 young (3072K), 3 survivors (3072K)
 Metaspace       used 36799K, committed 37184K, reserved 1081344K
  class space    used 4825K, committed 4992K, reserved 1048576K
}
Event: 9.857 GC heap before
{Heap before GC invocations=15 (full 0):
 garbage-first heap   total 68608K, used 49987K [0x00000000c0000000, 0x0000000100000000)
  region size 1024K, 20 young (20480K), 3 survivors (3072K)
 Metaspace       used 37037K, committed 37504K, reserved 1081344K
  class space    used 4841K, committed 5056K, reserved 1048576K
}
Event: 9.860 GC heap after
{Heap after GC invocations=16 (full 0):
 garbage-first heap   total 68608K, used 36977K [0x00000000c0000000, 0x0000000100000000)
  region size 1024K, 3 young (3072K), 3 survivors (3072K)
 Metaspace       used 37037K, committed 37504K, reserved 1081344K
  class space    used 4841K, committed 5056K, reserved 1048576K
}
Event: 9.886 GC heap before
{Heap before GC invocations=16 (full 0):
 garbage-first heap   total 87040K, used 52337K [0x00000000c0000000, 0x0000000100000000)
  region size 1024K, 18 young (18432K), 3 survivors (3072K)
 Metaspace       used 37170K, committed 37568K, reserved 1081344K
  class space    used 4851K, committed 5056K, reserved 1048576K
}
Event: 9.891 GC heap after
{Heap after GC invocations=17 (full 0):
 garbage-first heap   total 87040K, used 41492K [0x00000000c0000000, 0x0000000100000000)
  region size 1024K, 3 young (3072K), 3 survivors (3072K)
 Metaspace       used 37170K, committed 37568K, reserved 1081344K
  class space    used 4851K, committed 5056K, reserved 1048576K
}
Event: 9.925 GC heap before
{Heap before GC invocations=18 (full 0):
 garbage-first heap   total 87040K, used 62996K [0x00000000c0000000, 0x0000000100000000)
  region size 1024K, 25 young (25600K), 3 survivors (3072K)
 Metaspace       used 37513K, committed 37888K, reserved 1089536K
  class space    used 4893K, committed 5056K, reserved 1048576K
}
Event: 9.930 GC heap after
{Heap after GC invocations=19 (full 0):
 garbage-first heap   total 87040K, used 47053K [0x00000000c0000000, 0x0000000100000000)
  region size 1024K, 4 young (4096K), 4 survivors (4096K)
 Metaspace       used 37513K, committed 37888K, reserved 1089536K
  class space    used 4893K, committed 5056K, reserved 1048576K
}
Event: 9.932 GC heap before
{Heap before GC invocations=19 (full 0):
 garbage-first heap   total 87040K, used 48077K [0x00000000c0000000, 0x0000000100000000)
  region size 1024K, 5 young (5120K), 4 survivors (4096K)
 Metaspace       used 37542K, committed 37952K, reserved 1089536K
  class space    used 4893K, committed 5056K, reserved 1048576K
}
Event: 9.935 GC heap after
{Heap after GC invocations=20 (full 0):
 garbage-first heap   total 174080K, used 47914K [0x00000000c0000000, 0x0000000100000000)
  region size 1024K, 1 young (1024K), 1 survivors (1024K)
 Metaspace       used 37542K, committed 37952K, reserved 1089536K
  class space    used 4893K, committed 5056K, reserved 1048576K
}
Event: 10.253 GC heap before
{Heap before GC invocations=20 (full 0):
 garbage-first heap   total 174080K, used 113450K [0x00000000c0000000, 0x0000000100000000)
  region size 1024K, 63 young (64512K), 1 survivors (1024K)
 Metaspace       used 39606K, committed 40000K, reserved 1089536K
  class space    used 5065K, committed 5248K, reserved 1048576K
}
Event: 10.279 GC heap after
{Heap after GC invocations=21 (full 0):
 garbage-first heap   total 174080K, used 72361K [0x00000000c0000000, 0x0000000100000000)
  region size 1024K, 8 young (8192K), 8 survivors (8192K)
 Metaspace       used 39606K, committed 40000K, reserved 1089536K
  class space    used 5065K, committed 5248K, reserved 1048576K
}
Event: 10.320 GC heap before
{Heap before GC invocations=21 (full 0):
 garbage-first heap   total 174080K, used 115369K [0x00000000c0000000, 0x0000000100000000)
  region size 1024K, 51 young (52224K), 8 survivors (8192K)
 Metaspace       used 39722K, committed 40128K, reserved 1089536K
  class space    used 5089K, committed 5248K, reserved 1048576K
}
Event: 10.327 GC heap after
{Heap after GC invocations=22 (full 0):
 garbage-first heap   total 174080K, used 77328K [0x00000000c0000000, 0x0000000100000000)
  region size 1024K, 3 young (3072K), 3 survivors (3072K)
 Metaspace       used 39722K, committed 40128K, reserved 1089536K
  class space    used 5089K, committed 5248K, reserved 1048576K
}
Event: 10.374 GC heap before
{Heap before GC invocations=22 (full 0):
 garbage-first heap   total 174080K, used 122384K [0x00000000c0000000, 0x0000000100000000)
  region size 1024K, 48 young (49152K), 3 survivors (3072K)
 Metaspace       used 39881K, committed 40320K, reserved 1089536K
  class space    used 5112K, committed 5312K, reserved 1048576K
}
Event: 10.376 GC heap after
{Heap after GC invocations=23 (full 0):
 garbage-first heap   total 174080K, used 79302K [0x00000000c0000000, 0x0000000100000000)
  region size 1024K, 5 young (5120K), 5 survivors (5120K)
 Metaspace       used 39881K, committed 40320K, reserved 1089536K
  class space    used 5112K, committed 5312K, reserved 1048576K
}
Event: 10.391 GC heap before
{Heap before GC invocations=23 (full 0):
 garbage-first heap   total 174080K, used 128454K [0x00000000c0000000, 0x0000000100000000)
  region size 1024K, 54 young (55296K), 5 survivors (5120K)
 Metaspace       used 40027K, committed 40512K, reserved 1089536K
  class space    used 5119K, committed 5312K, reserved 1048576K
}

Dll operation events (7 events):
Event: 0.009 Loaded shared library c:\Users\Heshan\.vscode\extensions\redhat.java-1.16.0-win32-x64\jre\17.0.6-win32-x86_64\bin\java.dll
Event: 0.279 Loaded shared library C:\Users\Heshan\.vscode\extensions\redhat.java-1.16.0-win32-x64\jre\17.0.6-win32-x86_64\bin\net.dll
Event: 0.281 Loaded shared library C:\Users\Heshan\.vscode\extensions\redhat.java-1.16.0-win32-x64\jre\17.0.6-win32-x86_64\bin\nio.dll
Event: 0.608 Loaded shared library C:\Users\Heshan\.vscode\extensions\redhat.java-1.16.0-win32-x64\jre\17.0.6-win32-x86_64\bin\zip.dll
Event: 5.817 Loaded shared library C:\Users\Heshan\.vscode\extensions\redhat.java-1.16.0-win32-x64\jre\17.0.6-win32-x86_64\bin\jimage.dll
Event: 9.227 Loaded shared library C:\Users\Heshan\.vscode\extensions\redhat.java-1.16.0-win32-x64\jre\17.0.6-win32-x86_64\bin\management.dll
Event: 9.255 Loaded shared library C:\Users\Heshan\.vscode\extensions\redhat.java-1.16.0-win32-x64\jre\17.0.6-win32-x86_64\bin\management_ext.dll

Deoptimization events (10 events):
Event: 7.039 Thread 0x00000253eb1aa8a0 DEOPT PACKING pc=0x00000253ee31cb99 sp=0x000000d5716fd1f0
Event: 7.039 Thread 0x00000253eb1aa8a0 DEOPT UNPACKING pc=0x00000253ede77143 sp=0x000000d5716fc6d0 mode 3
Event: 9.481 Thread 0x00000253f8a12340 DEOPT PACKING pc=0x00000253ee522b35 sp=0x000000d5737fe130
Event: 9.481 Thread 0x00000253f8a12340 DEOPT UNPACKING pc=0x00000253ede77143 sp=0x000000d5737fd658 mode 3
Event: 9.528 Thread 0x00000253f8457900 DEOPT PACKING pc=0x00000253ee323601 sp=0x000000d5736fdaa0
Event: 9.528 Thread 0x00000253f8457900 DEOPT UNPACKING pc=0x00000253ede77143 sp=0x000000d5736fcf30 mode 3
Event: 9.552 Thread 0x00000253f8a12340 DEOPT PACKING pc=0x00000253ee31b617 sp=0x000000d5737ff110
Event: 9.552 Thread 0x00000253f8a12340 DEOPT UNPACKING pc=0x00000253ede77143 sp=0x000000d5737fe568 mode 3
Event: 9.614 Thread 0x00000253f8a2a820 DEOPT PACKING pc=0x00000253ee543c2b sp=0x000000d5739fe6a0
Event: 9.614 Thread 0x00000253f8a2a820 DEOPT UNPACKING pc=0x00000253ede77143 sp=0x000000d5739fdbe8 mode 3

Classes unloaded (0 events):
No events

Classes redefined (0 events):
No events

Internal exceptions (20 events):
Event: 9.644 Thread 0x00000253f8b3f740 Exception <a 'sun/nio/fs/WindowsException'{0x00000000c7d1d428}> (0x00000000c7d1d428) 
thrown [s\src\hotspot\share\prims\jni.cpp, line 516]
Event: 9.644 Thread 0x00000253f8b3f740 Exception <a 'sun/nio/fs/WindowsException'{0x00000000c7d1d7d8}> (0x00000000c7d1d7d8) 
thrown [s\src\hotspot\share\prims\jni.cpp, line 516]
Event: 9.644 Thread 0x00000253f8b3f740 Exception <a 'sun/nio/fs/WindowsException'{0x00000000c7d1e1d8}> (0x00000000c7d1e1d8) 
thrown [s\src\hotspot\share\prims\jni.cpp, line 516]
Event: 9.644 Thread 0x00000253f8b3f740 Exception <a 'sun/nio/fs/WindowsException'{0x00000000c7d1e598}> (0x00000000c7d1e598) 
thrown [s\src\hotspot\share\prims\jni.cpp, line 516]
Event: 9.644 Thread 0x00000253f8b3f740 Exception <a 'sun/nio/fs/WindowsException'{0x00000000c7d463d8}> (0x00000000c7d463d8) 
thrown [s\src\hotspot\share\prims\jni.cpp, line 516]
Event: 9.644 Thread 0x00000253f8b3f740 Exception <a 'sun/nio/fs/WindowsException'{0x00000000c7d467b8}> (0x00000000c7d467b8) 
thrown [s\src\hotspot\share\prims\jni.cpp, line 516]
Event: 9.644 Thread 0x00000253f8b3f740 Exception <a 'sun/nio/fs/WindowsException'{0x00000000c7d471f0}> (0x00000000c7d471f0) 
thrown [s\src\hotspot\share\prims\jni.cpp, line 516]
Event: 9.644 Thread 0x00000253f8b3f740 Exception <a 'sun/nio/fs/WindowsException'{0x00000000c7d475e0}> (0x00000000c7d475e0) 
thrown [s\src\hotspot\share\prims\jni.cpp, line 516]
Event: 9.644 Thread 0x00000253f8b3f740 Exception <a 'sun/nio/fs/WindowsException'{0x00000000c7d48008}> (0x00000000c7d48008) 
thrown [s\src\hotspot\share\prims\jni.cpp, line 516]
Event: 9.644 Thread 0x00000253f8b3f740 Exception <a 'sun/nio/fs/WindowsException'{0x00000000c7d483f8}> (0x00000000c7d483f8) 
thrown [s\src\hotspot\share\prims\jni.cpp, line 516]
Event: 9.699 Thread 0x00000253f8457900 Exception <a 'java/lang/NoSuchMethodError'{0x00000000c6589ad0}: 'int java.lang.invoke.DirectMethodHandle$Holder.invokeStatic(java.lang.Object)'> (0x00000000c6589ad0) 
thrown [s\src\hotspot\share\interpreter\linkResolver.cpp, line 759]
Event: 9.699 Thread 0x00000253f8457900 Exception <a 'java/lang/NoSuchMethodError'{0x00000000c658d178}: 'int java.lang.invoke.DirectMethodHandle$Holder.invokeStaticInit(java.lang.Object)'> (0x00000000c658d178) 
thrown [s\src\hotspot\share\interpreter\linkResolver.cpp, line 759]
Event: 9.745 Thread 0x00000253f8b405b0 Exception <a 'sun/nio/fs/WindowsException'{0x00000000c39c8ff0}> (0x00000000c39c8ff0) 
thrown [s\src\hotspot\share\prims\jni.cpp, line 516]
Event: 9.749 Thread 0x00000253f8b3f270 Exception <a 'sun/nio/fs/WindowsException'{0x00000000c38a1d50}> (0x00000000c38a1d50) 
thrown [s\src\hotspot\share\prims\jni.cpp, line 516]
Event: 9.750 Thread 0x00000253f8b405b0 Exception <a 'sun/nio/fs/WindowsException'{0x00000000c39cb808}> (0x00000000c39cb808) 
thrown [s\src\hotspot\share\prims\jni.cpp, line 516]
Event: 9.753 Thread 0x00000253f8b40a80 Exception <a 'sun/nio/fs/WindowsException'{0x00000000c38e1530}> (0x00000000c38e1530) 
thrown [s\src\hotspot\share\prims\jni.cpp, line 516]
Event: 9.753 Thread 0x00000253f8b400e0 Exception <a 'sun/nio/fs/WindowsException'{0x00000000c3783da0}> (0x00000000c3783da0) 
thrown [s\src\hotspot\share\prims\jni.cpp, line 516]
Event: 9.753 Thread 0x00000253f8b3f270 Exception <a 'sun/nio/fs/WindowsException'{0x00000000c38a45a0}> (0x00000000c38a45a0) 
thrown [s\src\hotspot\share\prims\jni.cpp, line 516]
Event: 10.116 Thread 0x00000253f8a12340 Exception <a 'java/lang/NoSuchMethodError'{0x00000000c92acb10}: 'java.lang.Object java.lang.invoke.Invokers$Holder.invoke_MT(java.lang.Object, java.lang.Object, java.lang.Object)'> (0x00000000c92acb10) 
thrown [s\src\hotspot\share\interpreter\linkResolver.cpp, line 759]
Event: 10.300 Thread 0x00000253f8a12340 Exception <a 'java/lang/NoSuchMethodError'{0x00000000ca0a6228}: 'java.lang.Object java.lang.invoke.DirectMethodHandle$Holder.newInvokeSpecial(java.lang.Object, java.lang.Object, int)'> (0x00000000ca0a6228) 
thrown [s\src\hotspot\share\interpreter\linkResolver.cpp, line 759]

VM Operations (20 events):
Event: 9.901 Executing VM operation: G1Concurrent done
Event: 9.925 Executing VM operation: G1CollectForAllocation
Event: 9.930 Executing VM operation: G1CollectForAllocation done
Event: 9.931 Executing VM operation: G1CollectForAllocation
Event: 9.935 Executing VM operation: G1CollectForAllocation done
Event: 10.108 Executing VM operation: HandshakeAllThreads
Event: 10.108 Executing VM operation: HandshakeAllThreads done
Event: 10.110 Executing VM operation: HandshakeAllThreads
Event: 10.110 Executing VM operation: HandshakeAllThreads done
Event: 10.150 Executing VM operation: HandshakeAllThreads
Event: 10.150 Executing VM operation: HandshakeAllThreads done
Event: 10.253 Executing VM operation: G1CollectForAllocation
Event: 10.280 Executing VM operation: G1CollectForAllocation done
Event: 10.316 Executing VM operation: G1CollectForAllocation
Event: 10.329 Executing VM operation: G1CollectForAllocation done
Event: 10.334 Executing VM operation: HandshakeAllThreads
Event: 10.339 Executing VM operation: HandshakeAllThreads done
Event: 10.365 Executing VM operation: G1CollectForAllocation
Event: 10.377 Executing VM operation: G1CollectForAllocation done
Event: 10.391 Executing VM operation: G1CollectForAllocation

Events (20 events):
Event: 10.294 loading class java/util/WeakHashMap$EntrySet
Event: 10.294 loading class java/util/WeakHashMap$EntrySet done
Event: 10.294 loading class java/util/WeakHashMap$EntryIterator
Event: 10.294 loading class java/util/WeakHashMap$HashIterator
Event: 10.294 loading class java/util/WeakHashMap$HashIterator done
Event: 10.294 loading class java/util/WeakHashMap$EntryIterator done
Event: 10.305 Thread 0x00000253f8b82030 Thread added: 0x00000253f8b82030
Event: 10.305 loading class java/util/concurrent/CompletableFuture$BiRelay
Event: 10.306 loading class java/util/concurrent/CompletableFuture$BiCompletion
Event: 10.306 loading class java/util/concurrent/CompletableFuture$BiCompletion done
Event: 10.306 loading class java/util/concurrent/CompletableFuture$BiRelay done
Event: 10.306 loading class java/util/concurrent/CompletableFuture$CoCompletion
Event: 10.306 loading class java/util/concurrent/CompletableFuture$CoCompletion done
Event: 10.327 Thread 0x00000253f8b80820 Thread added: 0x00000253f8b80820
Event: 10.378 loading class java/security/NoSuchAlgorithmException
Event: 10.378 loading class java/security/NoSuchAlgorithmException done
Event: 10.385 loading class sun/security/provider/MD5
Event: 10.385 loading class sun/security/provider/MD5 done
Event: 10.385 loading class sun/security/provider/ByteArrayAccess$LE
Event: 10.385 loading class sun/security/provider/ByteArrayAccess$LE done


Dynamic libraries:
0x00007ff76ce70000 - 0x00007ff76ce7e000 	c:\Users\Heshan\.vscode\extensions\redhat.java-1.16.0-win32-x64\jre\17.0.6-win32-x86_64\bin\java.exe
0x00007ffbccd40000 - 0x00007ffbccf49000 	C:\Windows\SYSTEM32\ntdll.dll
0x00007ffbcb100000 - 0x00007ffbcb1bd000 	C:\Windows\System32\KERNEL32.DLL
0x00007ffbca3b0000 - 0x00007ffbca72d000 	C:\Windows\System32\KERNELBASE.dll
0x00007ffbc78d0000 - 0x00007ffbc7961000 	C:\Windows\SYSTEM32\apphelp.dll
0x00007ffbca940000 - 0x00007ffbcaa51000 	C:\Windows\System32\ucrtbase.dll
0x00007ffbbb140000 - 0x00007ffbbb157000 	c:\Users\Heshan\.vscode\extensions\redhat.java-1.16.0-win32-x64\jre\17.0.6-win32-x86_64\bin\jli.dll
0x00007ffbbb160000 - 0x00007ffbbb179000 	c:\Users\Heshan\.vscode\extensions\redhat.java-1.16.0-win32-x64\jre\17.0.6-win32-x86_64\bin\VCRUNTIME140.dll
0x00007ffbcc680000 - 0x00007ffbcc82d000 	C:\Windows\System32\USER32.dll
0x00007ffbca730000 - 0x00007ffbca756000 	C:\Windows\System32\win32u.dll
0x00007ffbb6ba0000 - 0x00007ffbb6e45000 	C:\Windows\WinSxS\amd64_microsoft.windows.common-controls_6595b64144ccf1df_6.0.22000.120_none_9d947278b86cc467\COMCTL32.dll
0x00007ffbcafc0000 - 0x00007ffbcb063000 	C:\Windows\System32\msvcrt.dll
0x00007ffbcb270000 - 0x00007ffbcb299000 	C:\Windows\System32\GDI32.dll
0x00007ffbca290000 - 0x00007ffbca3a8000 	C:\Windows\System32\gdi32full.dll
0x00007ffbca8a0000 - 0x00007ffbca93d000 	C:\Windows\System32\msvcp_win.dll
0x00007ffbcabd0000 - 0x00007ffbcac01000 	C:\Windows\System32\IMM32.DLL
0x00007ffba8990000 - 0x00007ffba899c000 	c:\Users\Heshan\.vscode\extensions\redhat.java-1.16.0-win32-x64\jre\17.0.6-win32-x86_64\bin\vcruntime140_1.dll
0x00007ffb50730000 - 0x00007ffb507c1000 	c:\Users\Heshan\.vscode\extensions\redhat.java-1.16.0-win32-x64\jre\17.0.6-win32-x86_64\bin\msvcp140.dll
0x00007ffb39d60000 - 0x00007ffb3a9a7000 	c:\Users\Heshan\.vscode\extensions\redhat.java-1.16.0-win32-x64\jre\17.0.6-win32-x86_64\bin\server\jvm.dll
0x00007ffbcb1c0000 - 0x00007ffbcb26e000 	C:\Windows\System32\ADVAPI32.dll
0x00007ffbcb7a0000 - 0x00007ffbcb83e000 	C:\Windows\System32\sechost.dll
0x00007ffbcb840000 - 0x00007ffbcb960000 	C:\Windows\System32\RPCRT4.dll
0x00007ffbb8c80000 - 0x00007ffbb8c89000 	C:\Windows\SYSTEM32\WSOCK32.dll
0x00007ffbcc440000 - 0x00007ffbcc4af000 	C:\Windows\System32\WS2_32.dll
0x00007ffbc16c0000 - 0x00007ffbc16f3000 	C:\Windows\SYSTEM32\WINMM.dll
0x00007ffbc40f0000 - 0x00007ffbc40fa000 	C:\Windows\SYSTEM32\VERSION.dll
0x00007ffbc9320000 - 0x00007ffbc9338000 	C:\Windows\SYSTEM32\kernel.appcore.dll
0x00007ffba8980000 - 0x00007ffba898a000 	c:\Users\Heshan\.vscode\extensions\redhat.java-1.16.0-win32-x64\jre\17.0.6-win32-x86_64\bin\jimage.dll
0x00007ffbbe9c0000 - 0x00007ffbbebe1000 	C:\Windows\SYSTEM32\DBGHELP.DLL
0x00007ffbbd500000 - 0x00007ffbbd531000 	C:\Windows\SYSTEM32\dbgcore.DLL
0x00007ffbca760000 - 0x00007ffbca7df000 	C:\Windows\System32\bcryptPrimitives.dll
0x00007ffb9b130000 - 0x00007ffb9b155000 	c:\Users\Heshan\.vscode\extensions\redhat.java-1.16.0-win32-x64\jre\17.0.6-win32-x86_64\bin\java.dll
0x00007ffb98c60000 - 0x00007ffb98c78000 	c:\Users\Heshan\.vscode\extensions\redhat.java-1.16.0-win32-x64\jre\17.0.6-win32-x86_64\bin\zip.dll
0x00007ffbcbc80000 - 0x00007ffbcc438000 	C:\Windows\System32\SHELL32.dll
0x00007ffbc8390000 - 0x00007ffbc8bf8000 	C:\Windows\SYSTEM32\windows.storage.dll
0x00007ffbcb2a0000 - 0x00007ffbcb619000 	C:\Windows\System32\combase.dll
0x00007ffbc8220000 - 0x00007ffbc8386000 	C:\Windows\SYSTEM32\wintypes.dll
0x00007ffbcbb90000 - 0x00007ffbcbc7a000 	C:\Windows\System32\SHCORE.dll
0x00007ffbcc830000 - 0x00007ffbcc88d000 	C:\Windows\System32\shlwapi.dll
0x00007ffbca150000 - 0x00007ffbca171000 	C:\Windows\SYSTEM32\profapi.dll
0x00007ffb98c40000 - 0x00007ffb98c59000 	C:\Users\Heshan\.vscode\extensions\redhat.java-1.16.0-win32-x64\jre\17.0.6-win32-x86_64\bin\net.dll
0x00007ffbc4cd0000 - 0x00007ffbc4ddc000 	C:\Windows\SYSTEM32\WINHTTP.dll
0x00007ffbc9750000 - 0x00007ffbc97b7000 	C:\Windows\system32\mswsock.dll
0x00007ffb96240000 - 0x00007ffb96255000 	C:\Users\Heshan\.vscode\extensions\redhat.java-1.16.0-win32-x64\jre\17.0.6-win32-x86_64\bin\nio.dll
0x00007ffbc9990000 - 0x00007ffbc99a8000 	C:\Windows\SYSTEM32\CRYPTSP.dll
0x00007ffbc9280000 - 0x00007ffbc92b5000 	C:\Windows\system32\rsaenh.dll
0x00007ffbc9840000 - 0x00007ffbc9869000 	C:\Windows\SYSTEM32\USERENV.dll
0x00007ffbc9b10000 - 0x00007ffbc9b37000 	C:\Windows\SYSTEM32\bcrypt.dll
0x00007ffbc99b0000 - 0x00007ffbc99bc000 	C:\Windows\SYSTEM32\CRYPTBASE.dll
0x00007ffbc8e50000 - 0x00007ffbc8e7d000 	C:\Windows\SYSTEM32\IPHLPAPI.DLL
0x00007ffbcb980000 - 0x00007ffbcb989000 	C:\Windows\System32\NSI.dll
0x00007ffbc55a0000 - 0x00007ffbc55b9000 	C:\Windows\SYSTEM32\dhcpcsvc6.DLL
0x00007ffbc5ac0000 - 0x00007ffbc5ade000 	C:\Windows\SYSTEM32\dhcpcsvc.DLL
0x00007ffbc8e80000 - 0x00007ffbc8f68000 	C:\Windows\SYSTEM32\DNSAPI.dll
0x00007ffb9b3b0000 - 0x00007ffb9b3b9000 	C:\Users\Heshan\.vscode\extensions\redhat.java-1.16.0-win32-x64\jre\17.0.6-win32-x86_64\bin\management.dll
0x00007ffb9b120000 - 0x00007ffb9b12b000 	C:\Users\Heshan\.vscode\extensions\redhat.java-1.16.0-win32-x64\jre\17.0.6-win32-x86_64\bin\management_ext.dll
0x00007ffbcad60000 - 0x00007ffbcad68000 	C:\Windows\System32\PSAPI.DLL

dbghelp: loaded successfully - version: 4.0.5 - missing functions: none
symbol engine: initialized successfully - sym options: 0x614 - pdb path: .;c:\Users\Heshan\.vscode\extensions\redhat.java-1.16.0-win32-x64\jre\17.0.6-win32-x86_64\bin;C:\Windows\SYSTEM32;C:\Windows\WinSxS\amd64_microsoft.windows.common-controls_6595b64144ccf1df_6.0.22000.120_none_9d947278b86cc467;c:\Users\Heshan\.vscode\extensions\redhat.java-1.16.0-win32-x64\jre\17.0.6-win32-x86_64\bin\server

VM Arguments:
jvm_args: -XX:+HeapDumpOnOutOfMemoryError -Xmx1024m -Dsts.lsp.client=vscode -Dsts.log.file=/dev/null -XX:TieredStopAtLevel=1 -Xlog:jni+resolve=off -Dspring.config.location=file:c:\Users\Heshan\.vscode\extensions\vmware.vscode-spring-boot-1.45.0\language-server\BOOT-INF\classes\application.properties 
java_command: org.springframework.ide.vscode.boot.app.BootLanguageServerBootApp
java_class_path (initial): c:\Users\Heshan\.vscode\extensions\vmware.vscode-spring-boot-1.45.0\language-server\BOOT-INF\classes;c:\Users\Heshan\.vscode\extensions\vmware.vscode-spring-boot-1.45.0\language-server\BOOT-INF\lib\annotations-24.0.1.jar;c:\Users\Heshan\.vscode\extensions\vmware.vscode-spring-boot-1.45.0\language-server\BOOT-INF\lib\ant-1.10.13.jar;c:\Users\Heshan\.vscode\extensions\vmware.vscode-spring-boot-1.45.0\language-server\BOOT-INF\lib\ant-launcher-1.10.13.jar;c:\Users\Heshan\.vscode\extensions\vmware.vscode-spring-boot-1.45.0\language-server\BOOT-INF\lib\antlr-runtime-3.5.3.jar;c:\Users\Heshan\.vscode\extensions\vmware.vscode-spring-boot-1.45.0\language-server\BOOT-INF\lib\antlr4-4.11.1.jar;c:\Users\Heshan\.vscode\extensions\vmware.vscode-spring-boot-1.45.0\language-server\BOOT-INF\lib\antlr4-runtime-4.11.1.jar;c:\Users\Heshan\.vscode\extensions\vmware.vscode-spring-boot-1.45.0\language-server\BOOT-INF\lib\asm-9.4.jar;c:\Users\Heshan\.vscode\extensions\vmware.vscode-spring-boot-1.45.0\language-server\BOOT-INF\lib\asm-analysis-9.4.jar;c:\Users\Heshan\.vscode\extensions\vmware.vscode-spring-boot-1.45.0\language-server\BOOT-INF\lib\asm-tree-9.4.jar;c:\Users\Heshan\.vscode\extensions\vmware.vscode-spring-boot-1.45.0\language-server\BOOT-INF\lib\asm-util-9.4.jar;c:\Users\Heshan\.vscode\extensions\vmware.vscode-spring-boot-1.45.0\language-server\BOOT-INF\lib\caffeine-3.1.2.jar;c:\Users\Heshan\.vscode\extensions\vmware.vscode-spring-boot-1.45.0\language-server\BOOT-INF\lib\checker-qual-3.12.0.jar;c:\Users\Heshan\.vscode\extensions\vmware.vscode-spring-boot-1.45.0\language-server\BOOT-INF\lib\classgraph-4.8.149.jar;c:\Users\Heshan\.vscode\extensions\vmware.vscode-spring-boot-1.45.0\language-server\BOOT-INF\lib\commons-codec-1.15.jar;c:\Users\Heshan\.vscode\extensions\vmware.vscode-spring-boot-1.45.0\language-server\BOOT-INF\lib\commons-compress-1.22.jar;c:\Users\Heshan\.vscode\extensions\vmware.vscode-spring-boot-1.45.0\language-server\BOOT-INF\lib\comm
Launcher Type: SUN_STANDARD

[Global flags]
     intx CICompilerCount                          = 4                                         {product} {ergonomic}
     uint ConcGCThreads                            = 2                                         {product} {ergonomic}
     uint G1ConcRefinementThreads                  = 8                                         {product} {ergonomic}
   size_t G1HeapRegionSize                         = 1048576                                   {product} {ergonomic}
    uintx GCDrainStackTargetSize                   = 64                                        {product} {ergonomic}
     bool HeapDumpOnOutOfMemoryError               = true                                   {manageable} {command line}
   size_t InitialHeapSize                          = 132120576                                 {product} {ergonomic}
   size_t MarkStackSize                            = 4194304                                   {product} {ergonomic}
   size_t MaxHeapSize                              = 1073741824                                {product} {command line}
   size_t MaxNewSize                               = 643825664                                 {product} {ergonomic}
   size_t MinHeapDeltaBytes                        = 1048576                                   {product} {ergonomic}
   size_t MinHeapSize                              = 8388608                                   {product} {ergonomic}
    uintx NonProfiledCodeHeapSize                  = 0                                      {pd product} {ergonomic}
     bool ProfileInterpreter                       = false                                  {pd product} {command line}
    uintx ProfiledCodeHeapSize                     = 0                                      {pd product} {ergonomic}
   size_t SoftMaxHeapSize                          = 1073741824                             {manageable} {ergonomic}
     intx TieredStopAtLevel                        = 1                                         {product} {command line}
     bool UseCompressedClassPointers               = true                           {product lp64_product} {ergonomic}
     bool UseCompressedOops                        = true                           {product lp64_product} {ergonomic}
     bool UseG1GC                                  = true                                      {product} {ergonomic}
     bool UseLargePagesIndividualAllocation        = false                                  {pd product} {ergonomic}

Logging:
Log output configuration:
 #0: stdout all=warning,jni+resolve=off uptime,level,tags
 #1: stderr all=off uptime,level,tags

Environment Variables:
PATH=C:\Users\Heshan\bin;C:\Program Files\Git\mingw64\bin;C:\Program Files\Git\usr\local\bin;C:\Program Files\Git\usr\bin;C:\Program Files\Git\usr\bin;C:\Program Files\Git\mingw64\bin;C:\Program Files\Git\usr\bin;C:\Users\Heshan\bin;C:\Program Files\Common Files\Oracle\Java\javapath;C:\Windows\system32;C:\Windows;C:\Windows\System32\Wbem;C:\Windows\System32\WindowsPowerShell\v1.0;C:\Windows\System32\OpenSSH;C:\Program Files\Git\cmd;C:\Program Files (x86)\QuickTime\QTSystem;C:\Program Files\nodejs;C:\Users\Heshan\AppData\Local\Microsoft\WindowsApps;C:\Users\Heshan\AppData\Local\Programs\Microsoft VS Code\bin;C:\Users\Heshan\AppData\Roaming\npm;C:\Program Files\Git\usr\bin\vendor_perl;C:\Program Files\Git\usr\bin\core_perl
USERNAME=Heshan
SHELL=C:\Program Files\Git\usr\bin\bash.exe
DISPLAY=needs-to-be-defined
LC_CTYPE=en_US.UTF-8
TERM=xterm
TMPDIR=C:\Users\Heshan\AppData\Local\Temp
OS=Windows_NT
PROCESSOR_IDENTIFIER=Intel64 Family 6 Model 165 Stepping 3, GenuineIntel
TMP=C:\Users\Heshan\AppData\Local\Temp
TEMP=C:\Users\Heshan\AppData\Local\Temp



---------------  S Y S T E M  ---------------

OS:
 Windows 11 , 64 bit Build 22000 (10.0.22000.708)
OS uptime: 0 days 8:02 hours

CPU: total 8 (initial active 8) (4 cores per cpu, 2 threads per core) family 6 model 165 stepping 3 microcode 0xe0, cx8, cmov, fxsr, ht, mmx, 3dnowpref, sse, sse2, sse3, ssse3, sse4.1, sse4.2, popcnt, lzcnt, tsc, tscinvbit, avx, avx2, aes, erms, clmul, bmi1, bmi2, adx, fma, vzeroupper, clflush, clflushopt

Memory: 4k page, system-wide physical 8058M (325M free)
TotalPageFile size 20745M (AvailPageFile size 248M)
current process WorkingSet (physical memory assigned to process): 255M, peak: 259M
current process commit charge ("private bytes"): 313M, peak: 568M

vm_info: OpenJDK 64-Bit Server VM (17.0.6+10) for windows-amd64 JRE (17.0.6+10), built on Jan 18 2023 10:08:59 by "temurin" with MS VC++ 16.7 (VS2019)

END.
